Copyright 1986-2022 Xilinx, Inc. All Rights Reserved. Copyright 2022-2024 Advanced Micro Devices, Inc. All Rights Reserved.
-------------------------------------------------------------------------------------------------------------------------------------------------
| Tool Version : Vivado v.2024.2 (win64) Build 5239630 Fri Nov 08 22:35:27 MST 2024
| Date         : Wed Jan 28 20:37:08 2026
| Host         : FSO-A running 64-bit major release  (build 9200)
| Command      : report_utilization -file fec_gth_loopback_top_nogate_utilization_synth.rpt -pb fec_gth_loopback_top_nogate_utilization_synth.pb
| Design       : fec_gth_loopback_top_nogate
| Device       : xczu15eg-ffvb1156-2-i
| Speed File   : -2
| Design State : Synthesized
-------------------------------------------------------------------------------------------------------------------------------------------------

Utilization Design Information

Table of Contents
-----------------
1. CLB Logic
1.1 Summary of Registers by Type
2. BLOCKRAM
3. ARITHMETIC
4. I/O
5. CLOCK
6. ADVANCED
7. CONFIGURATION
8. Primitives
9. Black Boxes
10. Instantiated Netlists

1. CLB Logic
------------

+-------------------------+-------+-------+------------+-----------+-------+
|        Site Type        |  Used | Fixed | Prohibited | Available | Util% |
+-------------------------+-------+-------+------------+-----------+-------+
| CLB LUTs*               | 14530 |     0 |          0 |    341280 |  4.26 |
|   LUT as Logic          | 14530 |     0 |          0 |    341280 |  4.26 |
|   LUT as Memory         |     0 |     0 |          0 |    184320 |  0.00 |
| CLB Registers           | 30907 |     0 |          0 |    682560 |  4.53 |
|   Register as Flip Flop | 30907 |     0 |          0 |    682560 |  4.53 |
|   Register as Latch     |     0 |     0 |          0 |    682560 |  0.00 |
| CARRY8                  |    82 |     0 |          0 |     42660 |  0.19 |
| F7 Muxes                |  3834 |     0 |          0 |    170640 |  2.25 |
| F8 Muxes                |  1802 |     0 |          0 |     85320 |  2.11 |
| F9 Muxes                |     0 |     0 |          0 |     42660 |  0.00 |
+-------------------------+-------+-------+------------+-----------+-------+
* Warning! The Final LUT count, after physical optimizations and full implementation, is typically lower. Run opt_design after synthesis, if not already completed, for a more realistic count.
Warning! LUT value is adjusted to account for LUT combining.
Warning! For any ECO changes, please run place_design if there are unplaced instances


1.1 Summary of Registers by Type
--------------------------------

+-------+--------------+-------------+--------------+
| Total | Clock Enable | Synchronous | Asynchronous |
+-------+--------------+-------------+--------------+
| 0     |            _ |           - |            - |
| 0     |            _ |           - |          Set |
| 0     |            _ |           - |        Reset |
| 0     |            _ |         Set |            - |
| 0     |            _ |       Reset |            - |
| 0     |          Yes |           - |            - |
| 121   |          Yes |           - |          Set |
| 6897  |          Yes |           - |        Reset |
| 38    |          Yes |         Set |            - |
| 23851 |          Yes |       Reset |            - |
+-------+--------------+-------------+--------------+


2. BLOCKRAM
-----------

+-------------------+------+-------+------------+-----------+-------+
|     Site Type     | Used | Fixed | Prohibited | Available | Util% |
+-------------------+------+-------+------------+-----------+-------+
| Block RAM Tile    |  529 |     0 |          0 |       744 | 71.10 |
|   RAMB36/FIFO*    |  529 |     0 |          0 |       744 | 71.10 |
|     RAMB36E2 only |  529 |       |            |           |       |
|   RAMB18          |    0 |     0 |          0 |      1488 |  0.00 |
| URAM              |    0 |     0 |          0 |       112 |  0.00 |
+-------------------+------+-------+------------+-----------+-------+
* Note: Each Block RAM Tile only has one FIFO logic available and therefore can accommodate only one FIFO36E2 or one FIFO18E2. However, if a FIFO18E2 occupies a Block RAM Tile, that tile can still accommodate a RAMB18E2


3. ARITHMETIC
-------------

+-----------+------+-------+------------+-----------+-------+
| Site Type | Used | Fixed | Prohibited | Available | Util% |
+-----------+------+-------+------------+-----------+-------+
| DSPs      |    0 |     0 |          0 |      3528 |  0.00 |
+-----------+------+-------+------------+-----------+-------+


4. I/O
------

+------------+------+-------+------------+-----------+-------+
|  Site Type | Used | Fixed | Prohibited | Available | Util% |
+------------+------+-------+------------+-----------+-------+
| Bonded IOB |    6 |     0 |          0 |       328 |  1.83 |
+------------+------+-------+------------+-----------+-------+


5. CLOCK
--------

+------------+------+-------+------------+-----------+-------+
|  Site Type | Used | Fixed | Prohibited | Available | Util% |
+------------+------+-------+------------+-----------+-------+
| BUFGCE     |    0 |     0 |          0 |       116 |  0.00 |
| BUFGCE_DIV |    0 |     0 |          0 |        16 |  0.00 |
| BUFG_GT    |    2 |     0 |          0 |       168 |  1.19 |
| BUFG_PS    |    0 |     0 |          0 |        72 |  0.00 |
| BUFGCTRL*  |    0 |     0 |          0 |        32 |  0.00 |
| PLL        |    0 |     0 |          0 |         8 |  0.00 |
| MMCM       |    0 |     0 |          0 |         4 |  0.00 |
+------------+------+-------+------------+-----------+-------+
* Note: Each used BUFGCTRL counts as two GLOBAL CLOCK BUFFERs. This table does not include global clocking resources, only buffer cell usage. See the Clock Utilization Report (report_clock_utilization) for detailed accounting of global clocking resource availability.


6. ADVANCED
-----------

+-----------------+------+-------+------------+-----------+-------+
|    Site Type    | Used | Fixed | Prohibited | Available | Util% |
+-----------------+------+-------+------------+-----------+-------+
| GTHE4_CHANNEL   |    0 |     0 |          0 |        24 |  0.00 |
| GTHE4_COMMON    |    0 |     0 |          0 |         6 |  0.00 |
| OBUFDS_GTE4     |    0 |     0 |          0 |        12 |  0.00 |
| OBUFDS_GTE4_ADV |    0 |     0 |          0 |        12 |  0.00 |
| PS8             |    0 |     0 |          0 |         1 |  0.00 |
| SYSMONE4        |    0 |     0 |          0 |         1 |  0.00 |
+-----------------+------+-------+------------+-----------+-------+


7. CONFIGURATION
----------------

+-------------+------+-------+------------+-----------+-------+
|  Site Type  | Used | Fixed | Prohibited | Available | Util% |
+-------------+------+-------+------------+-----------+-------+
| BSCANE2     |    0 |     0 |          0 |         4 |  0.00 |
| DNA_PORTE2  |    0 |     0 |          0 |         1 |  0.00 |
| EFUSE_USR   |    0 |     0 |          0 |         1 |  0.00 |
| FRAME_ECCE4 |    0 |     0 |          0 |         1 |  0.00 |
| ICAPE3      |    0 |     0 |          0 |         2 |  0.00 |
| MASTER_JTAG |    0 |     0 |          0 |         1 |  0.00 |
| STARTUPE3   |    0 |     0 |          0 |         1 |  0.00 |
+-------------+------+-------+------------+-----------+-------+


8. Primitives
-------------

+-------------+-------+---------------------+
|   Ref Name  |  Used | Functional Category |
+-------------+-------+---------------------+
| FDRE        | 23851 |            Register |
| LUT6        | 10979 |                 CLB |
| FDCE        |  6897 |            Register |
| MUXF7       |  3834 |                 CLB |
| LUT5        |  1829 |                 CLB |
| MUXF8       |  1802 |                 CLB |
| LUT4        |  1339 |                 CLB |
| LUT2        |   697 |                 CLB |
| LUT3        |   652 |                 CLB |
| RAMB36E2    |   529 |            BLOCKRAM |
| LUT1        |   148 |                 CLB |
| FDPE        |   121 |            Register |
| CARRY8      |    82 |                 CLB |
| FDSE        |    38 |            Register |
| OBUF        |     3 |                 I/O |
| INBUF       |     3 |                 I/O |
| IBUFCTRL    |     3 |              Others |
| BUFG_GT     |     2 |               Clock |
| IBUFDS_GTE4 |     1 |                 I/O |
+-------------+-------+---------------------+


9. Black Boxes
--------------

+-----------------------+------+
|        Ref Name       | Used |
+-----------------------+------+
| rs_decoder_0          |    2 |
| async_fifo_32w_32r    |    2 |
| rs_encoder_0          |    1 |
| gtwizard_ultrascale_0 |    1 |
| fifo_0                |    1 |
| div_gen_0             |    1 |
| dbg_hub_CV            |    1 |
| clk_wiz_sys           |    1 |
+-----------------------+------+


10. Instantiated Netlists
-------------------------

+----------+------+
| Ref Name | Used |
+----------+------+


