Copyright 1986-2022 Xilinx, Inc. All Rights Reserved. Copyright 2022-2024 Advanced Micro Devices, Inc. All Rights Reserved.
-------------------------------------------------------------------------------------------------------------------------------------------------------------------------------------------------------
| Tool Version     : Vivado v.2024.2 (win64) Build 5239630 Fri Nov 08 22:35:27 MST 2024
| Date             : Wed Jan 28 20:43:31 2026
| Host             : FSO-A running 64-bit major release  (build 9200)
| Command          : report_power -file fec_gth_loopback_top_nogate_power_routed.rpt -pb fec_gth_loopback_top_nogate_power_summary_routed.pb -rpx fec_gth_loopback_top_nogate_power_routed.rpx
| Design           : fec_gth_loopback_top_nogate
| Device           : xczu15eg-ffvb1156-2-i
| Design State     : routed
| Grade            : industrial
| Process          : typical
| Characterization : Production
-------------------------------------------------------------------------------------------------------------------------------------------------------------------------------------------------------

Power Report

Table of Contents
-----------------
1. Summary
1.1 On-Chip Components
1.2 Power Supply Summary
1.3 Confidence Level
2. Settings
2.1 Environment
2.2 Clock Constraints
3. Detailed Reports
3.1 By Hierarchy

1. Summary
----------

+--------------------------+--------------+
| Total On-Chip Power (W)  | 1.771        |
| Design Power Budget (W)  | Unspecified* |
| Power Budget Margin (W)  | NA           |
| Dynamic (W)              | 1.002        |
| Device Static (W)        | 0.769        |
| Effective TJA (C/W)      | 1.0          |
| Max Ambient (C)          | 98.3         |
| Junction Temperature (C) | 26.7         |
| Confidence Level         | Low          |
| Setting File             | ---          |
| Simulation Activity File | ---          |
| Design Nets Matched      | NA           |
+--------------------------+--------------+
* Specify Design Power Budget using, set_operating_conditions -design_power_budget <value in Watts>


1.1 On-Chip Components
----------------------

+--------------------------+-----------+----------+-----------+-----------------+
| On-Chip                  | Power (W) | Used     | Available | Utilization (%) |
+--------------------------+-----------+----------+-----------+-----------------+
| Clocks                   |     0.082 |        6 |       --- |             --- |
| CLB Logic                |     0.037 |    73530 |       --- |             --- |
|   LUT as Logic           |     0.031 |    20324 |    341280 |            5.96 |
|   LUT as Shift Register  |     0.002 |      472 |    184320 |            0.26 |
|   Register               |     0.002 |    41214 |    682560 |            6.04 |
|   LUT as Distributed RAM |     0.001 |       60 |    184320 |            0.03 |
|   CARRY8                 |     0.001 |      284 |     42660 |            0.67 |
|   BUFG                   |    <0.001 |        4 |        32 |           12.50 |
|   Others                 |     0.000 |     1844 |       --- |             --- |
|   F7/F8 Muxes            |     0.000 |     5724 |    341280 |            1.68 |
| Signals                  |     0.053 |    61322 |       --- |             --- |
| Block RAM                |     0.527 |    544.5 |       744 |           73.19 |
| MMCM                     |     0.089 |        0 |       --- |             --- |
| I/O                      |     0.010 |        8 |       328 |            2.44 |
| GTH                      |     0.204 |        1 |        24 |            4.17 |
| Static Power             |     0.769 |          |           |                 |
| Total                    |     1.771 |          |           |                 |
+--------------------------+-----------+----------+-----------+-----------------+


1.2 Power Supply Summary
------------------------

+-----------------+-------------+-----------+-------------+------------+-------------+-------------+------------+
| Source          | Voltage (V) | Total (A) | Dynamic (A) | Static (A) | Powerup (A) | Budget (A)  | Margin (A) |
+-----------------+-------------+-----------+-------------+------------+-------------+-------------+------------+
| Vccint          |       0.850 |     1.028 |       0.799 |      0.229 |       NA    | Unspecified | NA         |
| Vccint_io       |       0.850 |     0.037 |       0.001 |      0.035 |       NA    | Unspecified | NA         |
| Vccbram         |       0.850 |     0.028 |       0.025 |      0.004 |       NA    | Unspecified | NA         |
| Vccaux          |       1.800 |     0.274 |       0.049 |      0.225 |       NA    | Unspecified | NA         |
| Vccaux_io       |       1.800 |     0.037 |       0.004 |      0.033 |       NA    | Unspecified | NA         |
| Vcco33          |       3.300 |     0.009 |       0.000 |      0.009 |       NA    | Unspecified | NA         |
| Vcco25          |       2.500 |     0.000 |       0.000 |      0.000 |       NA    | Unspecified | NA         |
| Vcco18          |       1.800 |     0.000 |       0.000 |      0.000 |       NA    | Unspecified | NA         |
| Vcco15          |       1.500 |     0.000 |       0.000 |      0.000 |       NA    | Unspecified | NA         |
| Vcco135         |       1.350 |     0.000 |       0.000 |      0.000 |       NA    | Unspecified | NA         |
| Vcco12          |       1.200 |     0.000 |       0.000 |      0.000 |       NA    | Unspecified | NA         |
| Vcco10          |       1.000 |     0.000 |       0.000 |      0.000 |       NA    | Unspecified | NA         |
| Vccadc          |       1.800 |     0.008 |       0.000 |      0.008 |       NA    | Unspecified | NA         |
| VCC_PSINTFP     |       0.850 |     0.000 |       0.000 |      0.000 |       NA    | Unspecified | NA         |
| VCC_PSINTLP     |       0.850 |     0.005 |       0.000 |      0.005 |       NA    | Unspecified | NA         |
| VPS_MGTRAVCC    |       0.850 |     0.000 |       0.000 |      0.000 |       NA    | Unspecified | NA         |
| VCC_PSINTFP_DDR |       0.850 |     0.000 |       0.000 |      0.000 |       NA    | Unspecified | NA         |
| VCC_PSPLL       |       1.200 |     0.002 |       0.000 |      0.002 |       NA    | Unspecified | NA         |
| VPS_MGTRAVTT    |       1.800 |     0.000 |       0.000 |      0.000 |       NA    | Unspecified | NA         |
| VCCO_PSDDR_504  |       1.200 |     0.000 |       0.000 |      0.000 |       NA    | Unspecified | NA         |
| VCC_PSAUX       |       1.800 |     0.002 |       0.000 |      0.002 |       NA    | Unspecified | NA         |
| VCC_PSBATT      |       1.200 |     0.000 |       0.000 |      0.000 |       NA    | Unspecified | NA         |
| VCC_PSDDR_PLL   |       1.800 |     0.000 |       0.000 |      0.000 |       NA    | Unspecified | NA         |
| VCCO_PSIO0_500  |       3.300 |     0.000 |       0.000 |      0.000 |       NA    | Unspecified | NA         |
| VCCO_PSIO1_501  |       3.300 |     0.000 |       0.000 |      0.000 |       NA    | Unspecified | NA         |
| VCCO_PSIO2_502  |       3.300 |     0.000 |       0.000 |      0.000 |       NA    | Unspecified | NA         |
| VCCO_PSIO3_503  |       3.300 |     0.000 |       0.000 |      0.000 |       NA    | Unspecified | NA         |
| VCC_PSADC       |       1.800 |     0.002 |       0.000 |      0.002 |       NA    | Unspecified | NA         |
| MGTAVcc         |       0.900 |     0.040 |       0.034 |      0.006 |       NA    | Unspecified | NA         |
| MGTAVtt         |       1.200 |     0.139 |       0.126 |      0.014 |       NA    | Unspecified | NA         |
| MGTVccaux       |       1.800 |     0.012 |       0.012 |      0.000 |       NA    | Unspecified | NA         |
+-----------------+-------------+-----------+-------------+------------+-------------+-------------+------------+


1.3 Confidence Level
--------------------

+-----------------------------+------------+--------------------------------------------------------+------------------------------------------------------------------------------------------------------------+
| User Input Data             | Confidence | Details                                                | Action                                                                                                     |
+-----------------------------+------------+--------------------------------------------------------+------------------------------------------------------------------------------------------------------------+
| Design implementation state | High       | Design is routed                                       |                                                                                                            |
| Clock nodes activity        | High       | User specified more than 95% of clocks                 |                                                                                                            |
| I/O nodes activity          | Low        | More than 75% of inputs are missing user specification | Provide missing input activity with simulation results or by editing the "By Resource Type -> I/Os" view   |
| Internal nodes activity     | Medium     | User specified less than 25% of internal nodes         | Provide missing internal nodes activity with simulation results or by editing the "By Resource Type" views |
| Device models               | High       | Device models are Production                           |                                                                                                            |
|                             |            |                                                        |                                                                                                            |
| Overall confidence level    | Low        |                                                        |                                                                                                            |
+-----------------------------+------------+--------------------------------------------------------+------------------------------------------------------------------------------------------------------------+


2. Settings
-----------

2.1 Environment
---------------

+-----------------------+--------------------------+
| Ambient Temp (C)      | 25.0                     |
| ThetaJA (C/W)         | 1.0                      |
| Airflow (LFM)         | 250                      |
| Heat Sink             | medium (Medium Profile)  |
| ThetaSA (C/W)         | 1.5                      |
| Board Selection       | medium (10"x10")         |
| # of Board Layers     | 12to15 (12 to 15 Layers) |
| Board Temperature (C) | 25.0                     |
+-----------------------+--------------------------+


2.2 Clock Constraints
---------------------

+-----------------------------------------------------------------------------------------------------+--------------------------------------------------------------------+-----------------+
| Clock                                                                                               | Domain                                                             | Constraint (ns) |
+-----------------------------------------------------------------------------------------------------+--------------------------------------------------------------------+-----------------+
| clk_out1_clk_wiz_sys                                                                                | u_clk_wiz/inst/clk_out1_clk_wiz_sys                                |            64.0 |
| clk_out2_clk_wiz_sys                                                                                | u_clk_wiz/inst/clk_out2_clk_wiz_sys                                |            10.0 |
| dbg_hub/inst/BSCANID.u_xsdbm_id/SWITCH_N_EXT_BSCAN.bscan_inst/SERIES7_BSCAN.bscan_inst/INTERNAL_TCK | dbg_hub/inst/BSCANID.u_xsdbm_id/SWITCH_N_EXT_BSCAN.bscan_inst/DRCK |            50.0 |
| sys_clk_p                                                                                           | sys_clk_p                                                          |             5.0 |
+-----------------------------------------------------------------------------------------------------+--------------------------------------------------------------------+-----------------+


3. Detailed Reports
-------------------

3.1 By Hierarchy
----------------

+-----------------------------+-----------+
| Name                        | Power (W) |
+-----------------------------+-----------+
| fec_gth_loopback_top_nogate |     1.002 |
|   dbg_hub                   |     0.002 |
|     inst                    |     0.002 |
|       BSCANID.u_xsdbm_id    |     0.002 |
|   u_ber_calc                |     0.015 |
|     U0                      |     0.015 |
|       i_synth               |     0.015 |
|   u_clk_wiz                 |     0.092 |
|     inst                    |     0.092 |
|       clkin1_ibufds         |     0.003 |
|   u_fec_rx                  |     0.638 |
|     u_bit_aligner_ind       |     0.001 |
|     u_deinterleaver         |     0.520 |
|       u_mem0                |     0.256 |
|       u_mem1                |     0.256 |
|       u_out_fifo            |     0.004 |
|     u_fso_deframer          |     0.001 |
|     u_gb_32to8              |     0.003 |
|     u_rs_decode_backend     |     0.107 |
|       Decoder_U0            |     0.023 |
|       Decoder_U1            |     0.023 |
|       u_out_fifo0           |     0.025 |
|       u_out_fifo1           |     0.027 |
|     u_rx_fifo               |     0.004 |
|       U0                    |     0.004 |
|   u_fec_tx                  |     0.023 |
|     u_fso_framer            |     0.001 |
|     u_interleaver           |     0.018 |
|       u_mem_bank0           |     0.004 |
|       u_mem_bank1           |     0.004 |
|       u_out_fifo            |     0.009 |
|     u_rs_encode_frontend    |     0.003 |
|       Encoder               |     0.002 |
|   u_gth_raw                 |     0.211 |
|     u_gth                   |     0.205 |
|       inst                  |     0.205 |
|   u_ila_0                   |     0.012 |
|     inst                    |     0.012 |
|       ila_core_inst         |     0.012 |
|   u_ila_1                   |     0.004 |
|     inst                    |     0.004 |
|       ila_core_inst         |     0.004 |
|   u_vio_ctrl                |     0.001 |
|     inst                    |     0.001 |
+-----------------------------+-----------+


