Copyright 1986-2022 Xilinx, Inc. All Rights Reserved. Copyright 2022-2024 Advanced Micro Devices, Inc. All Rights Reserved.
---------------------------------------------------------------------------------------------------------------------------------------------
| Tool Version : Vivado v.2024.2 (win64) Build 5239630 Fri Nov 08 22:35:27 MST 2024
| Date         : Tue Jan 20 10:09:48 2026
| Host         : FSO-A running 64-bit major release  (build 9200)
| Command      : report_utilization -file fec_gth_loopback_top_utilization_placed.rpt -pb fec_gth_loopback_top_utilization_placed.pb
| Design       : fec_gth_loopback_top
| Device       : xczu15eg-ffvb1156-2-i
| Speed File   : -2
| Design State : Fully Placed
---------------------------------------------------------------------------------------------------------------------------------------------

Utilization Design Information

Table of Contents
-----------------
1. CLB Logic
1.1 Summary of Registers by Type
2. CLB Logic Distribution
3. BLOCKRAM
4. ARITHMETIC
5. I/O
6. CLOCK
7. ADVANCED
8. CONFIGURATION
9. Primitives
10. Black Boxes
11. Instantiated Netlists

1. CLB Logic
------------

+----------------------------+-------+-------+------------+-----------+-------+
|          Site Type         |  Used | Fixed | Prohibited | Available | Util% |
+----------------------------+-------+-------+------------+-----------+-------+
| CLB LUTs                   | 22744 |     0 |          0 |    341280 |  6.66 |
|   LUT as Logic             | 21756 |     0 |          0 |    341280 |  6.37 |
|   LUT as Memory            |   988 |     0 |          0 |    184320 |  0.54 |
|     LUT as Distributed RAM |    60 |     0 |            |           |       |
|     LUT as Shift Register  |   928 |     0 |            |           |       |
| CLB Registers              | 45253 |     0 |          0 |    682560 |  6.63 |
|   Register as Flip Flop    | 45253 |     0 |          0 |    682560 |  6.63 |
|   Register as Latch        |     0 |     0 |          0 |    682560 |  0.00 |
| CARRY8                     |   331 |     0 |          0 |     42660 |  0.78 |
| F7 Muxes                   |  3998 |     0 |          0 |    170640 |  2.34 |
| F8 Muxes                   |  1791 |     0 |          0 |     85320 |  2.10 |
| F9 Muxes                   |     0 |     0 |          0 |     42660 |  0.00 |
+----------------------------+-------+-------+------------+-----------+-------+
* Warning! LUT value is adjusted to account for LUT combining.


1.1 Summary of Registers by Type
--------------------------------

+-------+--------------+-------------+--------------+
| Total | Clock Enable | Synchronous | Asynchronous |
+-------+--------------+-------------+--------------+
| 0     |            _ |           - |            - |
| 0     |            _ |           - |          Set |
| 0     |            _ |           - |        Reset |
| 0     |            _ |         Set |            - |
| 0     |            _ |       Reset |            - |
| 0     |          Yes |           - |            - |
| 200   |          Yes |           - |          Set |
| 7050  |          Yes |           - |        Reset |
| 1762  |          Yes |         Set |            - |
| 36241 |          Yes |       Reset |            - |
+-------+--------------+-------------+--------------+


2. CLB Logic Distribution
-------------------------

+--------------------------------------------+-------+-------+------------+-----------+-------+
|                  Site Type                 |  Used | Fixed | Prohibited | Available | Util% |
+--------------------------------------------+-------+-------+------------+-----------+-------+
| CLB                                        |  7915 |     0 |          0 |     42660 | 18.55 |
|   CLBL                                     |  3771 |     0 |            |           |       |
|   CLBM                                     |  4144 |     0 |            |           |       |
| LUT as Logic                               | 21756 |     0 |          0 |    341280 |  6.37 |
|   using O5 output only                     |   249 |       |            |           |       |
|   using O6 output only                     | 17977 |       |            |           |       |
|   using O5 and O6                          |  3530 |       |            |           |       |
| LUT as Memory                              |   988 |     0 |          0 |    184320 |  0.54 |
|   LUT as Distributed RAM                   |    60 |     0 |            |           |       |
|     using O5 output only                   |     0 |       |            |           |       |
|     using O6 output only                   |     0 |       |            |           |       |
|     using O5 and O6                        |    60 |       |            |           |       |
|   LUT as Shift Register                    |   928 |     0 |            |           |       |
|     using O5 output only                   |     0 |       |            |           |       |
|     using O6 output only                   |   211 |       |            |           |       |
|     using O5 and O6                        |   717 |       |            |           |       |
| CLB Registers                              | 45253 |     0 |          0 |    682560 |  6.63 |
|   Register driven from within the CLB      |  8870 |       |            |           |       |
|   Register driven from outside the CLB     | 36383 |       |            |           |       |
|     LUT in front of the register is unused | 24985 |       |            |           |       |
|     LUT in front of the register is used   | 11398 |       |            |           |       |
| Unique Control Sets                        |  3722 |       |          0 |     85320 |  4.36 |
+--------------------------------------------+-------+-------+------------+-----------+-------+
* * Note: Available Control Sets calculated as Slices * 2, Review the Control Sets Report for more information regarding control sets.


3. BLOCKRAM
-----------

+-------------------+-------+-------+------------+-----------+-------+
|     Site Type     |  Used | Fixed | Prohibited | Available | Util% |
+-------------------+-------+-------+------------+-----------+-------+
| Block RAM Tile    | 570.5 |     0 |          0 |       744 | 76.68 |
|   RAMB36/FIFO*    |   567 |     0 |          0 |       744 | 76.21 |
|     RAMB36E2 only |   567 |       |            |           |       |
|   RAMB18          |     7 |     0 |          0 |      1488 |  0.47 |
|     FIFO18E2 only |     1 |       |            |           |       |
|     RAMB18E2 only |     6 |       |            |           |       |
| URAM              |     0 |     0 |          0 |       112 |  0.00 |
+-------------------+-------+-------+------------+-----------+-------+
* Note: Each Block RAM Tile only has one FIFO logic available and therefore can accommodate only one FIFO36E2 or one FIFO18E2. However, if a FIFO18E2 occupies a Block RAM Tile, that tile can still accommodate a RAMB18E2


4. ARITHMETIC
-------------

+-----------+------+-------+------------+-----------+-------+
| Site Type | Used | Fixed | Prohibited | Available | Util% |
+-----------+------+-------+------------+-----------+-------+
| DSPs      |    0 |     0 |          0 |      3528 |  0.00 |
+-----------+------+-------+------------+-----------+-------+


5. I/O
------

+------------------+------+-------+------------+-----------+-------+
|     Site Type    | Used | Fixed | Prohibited | Available | Util% |
+------------------+------+-------+------------+-----------+-------+
| Bonded IOB       |    6 |     6 |          0 |       328 |  1.83 |
| HPIOB_M          |    1 |     1 |          0 |        96 |  1.04 |
|   INPUT          |    1 |       |            |           |       |
|   OUTPUT         |    0 |       |            |           |       |
|   BIDIR          |    0 |       |            |           |       |
| HPIOB_S          |    1 |     1 |          0 |        96 |  1.04 |
|   INPUT          |    1 |       |            |           |       |
|   OUTPUT         |    0 |       |            |           |       |
|   BIDIR          |    0 |       |            |           |       |
| HDIOB_M          |    2 |     2 |          0 |        60 |  3.33 |
|   INPUT          |    2 |       |            |           |       |
|   OUTPUT         |    0 |       |            |           |       |
|   BIDIR          |    0 |       |            |           |       |
| HDIOB_S          |    2 |     2 |          0 |        60 |  3.33 |
|   INPUT          |    0 |       |            |           |       |
|   OUTPUT         |    2 |       |            |           |       |
|   BIDIR          |    0 |       |            |           |       |
| HPIOB_SNGL       |    0 |     0 |          0 |        16 |  0.00 |
| HPIOBDIFFINBUF   |    1 |     1 |          0 |        96 |  1.04 |
|   DIFFINBUF      |    1 |     1 |            |           |       |
| HPIOBDIFFOUTBUF  |    0 |     0 |          0 |        96 |  0.00 |
| HDIOBDIFFINBUF   |    0 |     0 |          0 |        60 |  0.00 |
| BITSLICE_CONTROL |    0 |     0 |          0 |        32 |  0.00 |
| BITSLICE_RX_TX   |    0 |     0 |          0 |      1248 |  0.00 |
| BITSLICE_TX      |    0 |     0 |          0 |        32 |  0.00 |
| RIU_OR           |    0 |     0 |          0 |        16 |  0.00 |
+------------------+------+-------+------------+-----------+-------+


6. CLOCK
--------

+------------+------+-------+------------+-----------+-------+
|  Site Type | Used | Fixed | Prohibited | Available | Util% |
+------------+------+-------+------------+-----------+-------+
| BUFGCE     |    6 |     0 |          0 |       116 |  5.17 |
| BUFGCE_DIV |    0 |     0 |          0 |        16 |  0.00 |
| BUFG_GT    |    2 |     0 |          0 |       168 |  1.19 |
| BUFG_PS    |    0 |     0 |          0 |        72 |  0.00 |
| BUFGCTRL*  |    0 |     0 |          0 |        32 |  0.00 |
| PLL        |    0 |     0 |          0 |         8 |  0.00 |
| MMCM       |    1 |     0 |          0 |         4 | 25.00 |
+------------+------+-------+------------+-----------+-------+
* Note: Each used BUFGCTRL counts as two GLOBAL CLOCK BUFFERs. This table does not include global clocking resources, only buffer cell usage. See the Clock Utilization Report (report_clock_utilization) for detailed accounting of global clocking resource availability.


7. ADVANCED
-----------

+-----------------+------+-------+------------+-----------+-------+
|    Site Type    | Used | Fixed | Prohibited | Available | Util% |
+-----------------+------+-------+------------+-----------+-------+
| GTHE4_CHANNEL   |    1 |     1 |          0 |        24 |  4.17 |
| GTHE4_COMMON    |    1 |     0 |          0 |         6 | 16.67 |
| OBUFDS_GTE4     |    0 |     0 |          0 |        12 |  0.00 |
| OBUFDS_GTE4_ADV |    0 |     0 |          0 |        12 |  0.00 |
| PS8             |    0 |     0 |          0 |         1 |  0.00 |
| SYSMONE4        |    0 |     0 |          0 |         1 |  0.00 |
+-----------------+------+-------+------------+-----------+-------+


8. CONFIGURATION
----------------

+-------------+------+-------+------------+-----------+-------+
|  Site Type  | Used | Fixed | Prohibited | Available | Util% |
+-------------+------+-------+------------+-----------+-------+
| BSCANE2     |    1 |     0 |          0 |         4 | 25.00 |
| DNA_PORTE2  |    0 |     0 |          0 |         1 |  0.00 |
| EFUSE_USR   |    0 |     0 |          0 |         1 |  0.00 |
| FRAME_ECCE4 |    0 |     0 |          0 |         1 |  0.00 |
| ICAPE3      |    0 |     0 |          0 |         2 |  0.00 |
| MASTER_JTAG |    0 |     0 |          0 |         1 |  0.00 |
| STARTUPE3   |    0 |     0 |          0 |         1 |  0.00 |
+-------------+------+-------+------------+-----------+-------+


9. Primitives
-------------

+---------------+-------+---------------------+
|    Ref Name   |  Used | Functional Category |
+---------------+-------+---------------------+
| FDRE          | 36241 |            Register |
| LUT6          | 14205 |                 CLB |
| FDCE          |  7050 |            Register |
| MUXF7         |  3998 |                 CLB |
| LUT3          |  3515 |                 CLB |
| LUT5          |  2891 |                 CLB |
| LUT4          |  2663 |                 CLB |
| MUXF8         |  1791 |                 CLB |
| FDSE          |  1762 |            Register |
| LUT2          |  1647 |                 CLB |
| SRL16E        |  1055 |                 CLB |
| SRLC32E       |   584 |                 CLB |
| RAMB36E2      |   567 |            BLOCKRAM |
| LUT1          |   365 |                 CLB |
| CARRY8        |   331 |                 CLB |
| FDPE          |   200 |            Register |
| RAMD32        |    64 |                 CLB |
| RAMS32        |    56 |                 CLB |
| SRLC16E       |     6 |                 CLB |
| RAMB18E2      |     6 |            BLOCKRAM |
| BUFGCE        |     6 |               Clock |
| IBUFCTRL      |     3 |              Others |
| OBUF          |     2 |                 I/O |
| INBUF         |     2 |                 I/O |
| BUFG_GT_SYNC  |     2 |               Clock |
| BUFG_GT       |     2 |               Clock |
| MMCME4_ADV    |     1 |               Clock |
| IBUFDS_GTE4   |     1 |                 I/O |
| GTHE4_COMMON  |     1 |            Advanced |
| GTHE4_CHANNEL |     1 |            Advanced |
| FIFO18E2      |     1 |            BLOCKRAM |
| DIFFINBUF     |     1 |                 I/O |
| BSCANE2       |     1 |       Configuration |
+---------------+-------+---------------------+


10. Black Boxes
---------------

+----------+------+
| Ref Name | Used |
+----------+------+


11. Instantiated Netlists
-------------------------

+-----------------------+------+
|        Ref Name       | Used |
+-----------------------+------+
| rs_decoder_0          |    2 |
| async_fifo_32w_32r    |    2 |
| vio_frame_cfg         |    1 |
| vio_2                 |    1 |
| u_ila_1               |    1 |
| u_ila_0               |    1 |
| rs_encoder_0          |    1 |
| ila_fec_rx            |    1 |
| gtwizard_ultrascale_0 |    1 |
| fifo_0                |    1 |
| div_gen_0             |    1 |
| dbg_hub               |    1 |
| clk_wiz_sys           |    1 |
+-----------------------+------+


