Copyright 1986-2022 Xilinx, Inc. All Rights Reserved. Copyright 2022-2024 Advanced Micro Devices, Inc. All Rights Reserved.
---------------------------------------------------------------------------------------------------------------------------------------------
| Tool Version : Vivado v.2024.2 (win64) Build 5239630 Fri Nov 08 22:35:27 MST 2024
| Date         : Thu Nov 20 17:24:42 2025
| Host         : FSO-A running 64-bit major release  (build 9200)
| Command      : report_utilization -file fso_prbs_hardware_top_utilization_placed.rpt -pb fso_prbs_hardware_top_utilization_placed.pb
| Design       : fso_prbs_hardware_top
| Device       : xczu15eg-ffvb1156-2-i
| Speed File   : -2
| Design State : Fully Placed
---------------------------------------------------------------------------------------------------------------------------------------------

Utilization Design Information

Table of Contents
-----------------
1. CLB Logic
1.1 Summary of Registers by Type
2. CLB Logic Distribution
3. BLOCKRAM
4. ARITHMETIC
5. I/O
6. CLOCK
7. ADVANCED
8. CONFIGURATION
9. Primitives
10. Black Boxes
11. Instantiated Netlists

1. CLB Logic
------------

+----------------------------+------+-------+------------+-----------+-------+
|          Site Type         | Used | Fixed | Prohibited | Available | Util% |
+----------------------------+------+-------+------------+-----------+-------+
| CLB LUTs                   | 2404 |     0 |          0 |    341280 |  0.70 |
|   LUT as Logic             | 2130 |     0 |          0 |    341280 |  0.62 |
|   LUT as Memory            |  274 |     0 |          0 |    184320 |  0.15 |
|     LUT as Distributed RAM |   20 |     0 |            |           |       |
|     LUT as Shift Register  |  254 |     0 |            |           |       |
| CLB Registers              | 4071 |     0 |          0 |    682560 |  0.60 |
|   Register as Flip Flop    | 4071 |     0 |          0 |    682560 |  0.60 |
|   Register as Latch        |    0 |     0 |          0 |    682560 |  0.00 |
| CARRY8                     |   45 |     0 |          0 |     42660 |  0.11 |
| F7 Muxes                   |    6 |     0 |          0 |    170640 | <0.01 |
| F8 Muxes                   |    0 |     0 |          0 |     85320 |  0.00 |
| F9 Muxes                   |    0 |     0 |          0 |     42660 |  0.00 |
+----------------------------+------+-------+------------+-----------+-------+
* Warning! LUT value is adjusted to account for LUT combining.


1.1 Summary of Registers by Type
--------------------------------

+-------+--------------+-------------+--------------+
| Total | Clock Enable | Synchronous | Asynchronous |
+-------+--------------+-------------+--------------+
| 0     |            _ |           - |            - |
| 0     |            _ |           - |          Set |
| 0     |            _ |           - |        Reset |
| 0     |            _ |         Set |            - |
| 0     |            _ |       Reset |            - |
| 0     |          Yes |           - |            - |
| 86    |          Yes |           - |          Set |
| 286   |          Yes |           - |        Reset |
| 115   |          Yes |         Set |            - |
| 3584  |          Yes |       Reset |            - |
+-------+--------------+-------------+--------------+


2. CLB Logic Distribution
-------------------------

+--------------------------------------------+------+-------+------------+-----------+-------+
|                  Site Type                 | Used | Fixed | Prohibited | Available | Util% |
+--------------------------------------------+------+-------+------------+-----------+-------+
| CLB                                        |  607 |     0 |          0 |     42660 |  1.42 |
|   CLBL                                     |  267 |     0 |            |           |       |
|   CLBM                                     |  340 |     0 |            |           |       |
| LUT as Logic                               | 2130 |     0 |          0 |    341280 |  0.62 |
|   using O5 output only                     |   88 |       |            |           |       |
|   using O6 output only                     | 1533 |       |            |           |       |
|   using O5 and O6                          |  509 |       |            |           |       |
| LUT as Memory                              |  274 |     0 |          0 |    184320 |  0.15 |
|   LUT as Distributed RAM                   |   20 |     0 |            |           |       |
|     using O5 output only                   |    0 |       |            |           |       |
|     using O6 output only                   |    0 |       |            |           |       |
|     using O5 and O6                        |   20 |       |            |           |       |
|   LUT as Shift Register                    |  254 |     0 |            |           |       |
|     using O5 output only                   |    0 |       |            |           |       |
|     using O6 output only                   |   62 |       |            |           |       |
|     using O5 and O6                        |  192 |       |            |           |       |
| CLB Registers                              | 4071 |     0 |          0 |    682560 |  0.60 |
|   Register driven from within the CLB      | 1885 |       |            |           |       |
|   Register driven from outside the CLB     | 2186 |       |            |           |       |
|     LUT in front of the register is unused | 1550 |       |            |           |       |
|     LUT in front of the register is used   |  636 |       |            |           |       |
| Unique Control Sets                        |  214 |       |          0 |     85320 |  0.25 |
+--------------------------------------------+------+-------+------------+-----------+-------+
* * Note: Available Control Sets calculated as Slices * 2, Review the Control Sets Report for more information regarding control sets.


3. BLOCKRAM
-----------

+-------------------+------+-------+------------+-----------+-------+
|     Site Type     | Used | Fixed | Prohibited | Available | Util% |
+-------------------+------+-------+------------+-----------+-------+
| Block RAM Tile    |    4 |     0 |          0 |       744 |  0.54 |
|   RAMB36/FIFO*    |    4 |     0 |          0 |       744 |  0.54 |
|     RAMB36E2 only |    4 |       |            |           |       |
|   RAMB18          |    0 |     0 |          0 |      1488 |  0.00 |
| URAM              |    0 |     0 |          0 |       112 |  0.00 |
+-------------------+------+-------+------------+-----------+-------+
* Note: Each Block RAM Tile only has one FIFO logic available and therefore can accommodate only one FIFO36E2 or one FIFO18E2. However, if a FIFO18E2 occupies a Block RAM Tile, that tile can still accommodate a RAMB18E2


4. ARITHMETIC
-------------

+-----------+------+-------+------------+-----------+-------+
| Site Type | Used | Fixed | Prohibited | Available | Util% |
+-----------+------+-------+------------+-----------+-------+
| DSPs      |    0 |     0 |          0 |      3528 |  0.00 |
+-----------+------+-------+------------+-----------+-------+


5. I/O
------

+------------------+------+-------+------------+-----------+-------+
|     Site Type    | Used | Fixed | Prohibited | Available | Util% |
+------------------+------+-------+------------+-----------+-------+
| Bonded IOB       |    7 |     7 |          0 |       328 |  2.13 |
| HPIOB_M          |    1 |     1 |          0 |        96 |  1.04 |
|   INPUT          |    1 |       |            |           |       |
|   OUTPUT         |    0 |       |            |           |       |
|   BIDIR          |    0 |       |            |           |       |
| HPIOB_S          |    1 |     1 |          0 |        96 |  1.04 |
|   INPUT          |    1 |       |            |           |       |
|   OUTPUT         |    0 |       |            |           |       |
|   BIDIR          |    0 |       |            |           |       |
| HDIOB_M          |    1 |     1 |          0 |        60 |  1.67 |
|   INPUT          |    1 |       |            |           |       |
|   OUTPUT         |    0 |       |            |           |       |
|   BIDIR          |    0 |       |            |           |       |
| HDIOB_S          |    4 |     4 |          0 |        60 |  6.67 |
|   INPUT          |    0 |       |            |           |       |
|   OUTPUT         |    4 |       |            |           |       |
|   BIDIR          |    0 |       |            |           |       |
| HPIOB_SNGL       |    0 |     0 |          0 |        16 |  0.00 |
| HPIOBDIFFINBUF   |    1 |     1 |          0 |        96 |  1.04 |
|   DIFFINBUF      |    1 |     1 |            |           |       |
| HPIOBDIFFOUTBUF  |    0 |     0 |          0 |        96 |  0.00 |
| HDIOBDIFFINBUF   |    0 |     0 |          0 |        60 |  0.00 |
| BITSLICE_CONTROL |    0 |     0 |          0 |        32 |  0.00 |
| BITSLICE_RX_TX   |    0 |     0 |          0 |      1248 |  0.00 |
| BITSLICE_TX      |    0 |     0 |          0 |        32 |  0.00 |
| RIU_OR           |    0 |     0 |          0 |        16 |  0.00 |
+------------------+------+-------+------------+-----------+-------+


6. CLOCK
--------

+------------+------+-------+------------+-----------+-------+
|  Site Type | Used | Fixed | Prohibited | Available | Util% |
+------------+------+-------+------------+-----------+-------+
| BUFGCE     |    2 |     0 |          0 |       116 |  1.72 |
| BUFGCE_DIV |    0 |     0 |          0 |        16 |  0.00 |
| BUFG_GT    |    2 |     0 |          0 |       168 |  1.19 |
| BUFG_PS    |    0 |     0 |          0 |        72 |  0.00 |
| BUFGCTRL*  |    0 |     0 |          0 |        32 |  0.00 |
| PLL        |    0 |     0 |          0 |         8 |  0.00 |
| MMCM       |    1 |     0 |          0 |         4 | 25.00 |
+------------+------+-------+------------+-----------+-------+
* Note: Each used BUFGCTRL counts as two GLOBAL CLOCK BUFFERs. This table does not include global clocking resources, only buffer cell usage. See the Clock Utilization Report (report_clock_utilization) for detailed accounting of global clocking resource availability.


7. ADVANCED
-----------

+-----------------+------+-------+------------+-----------+-------+
|    Site Type    | Used | Fixed | Prohibited | Available | Util% |
+-----------------+------+-------+------------+-----------+-------+
| GTHE4_CHANNEL   |    1 |     1 |          0 |        24 |  4.17 |
| GTHE4_COMMON    |    1 |     0 |          0 |         6 | 16.67 |
| OBUFDS_GTE4     |    0 |     0 |          0 |        12 |  0.00 |
| OBUFDS_GTE4_ADV |    0 |     0 |          0 |        12 |  0.00 |
| PS8             |    0 |     0 |          0 |         1 |  0.00 |
| SYSMONE4        |    0 |     0 |          0 |         1 |  0.00 |
+-----------------+------+-------+------------+-----------+-------+


8. CONFIGURATION
----------------

+-------------+------+-------+------------+-----------+-------+
|  Site Type  | Used | Fixed | Prohibited | Available | Util% |
+-------------+------+-------+------------+-----------+-------+
| BSCANE2     |    1 |     0 |          0 |         4 | 25.00 |
| DNA_PORTE2  |    0 |     0 |          0 |         1 |  0.00 |
| EFUSE_USR   |    0 |     0 |          0 |         1 |  0.00 |
| FRAME_ECCE4 |    0 |     0 |          0 |         1 |  0.00 |
| ICAPE3      |    0 |     0 |          0 |         2 |  0.00 |
| MASTER_JTAG |    0 |     0 |          0 |         1 |  0.00 |
| STARTUPE3   |    0 |     0 |          0 |         1 |  0.00 |
+-------------+------+-------+------------+-----------+-------+


9. Primitives
-------------

+---------------+------+---------------------+
|    Ref Name   | Used | Functional Category |
+---------------+------+---------------------+
| FDRE          | 3584 |            Register |
| LUT6          | 1033 |                 CLB |
| LUT3          |  453 |                 CLB |
| LUT4          |  394 |                 CLB |
| LUT5          |  369 |                 CLB |
| LUT2          |  328 |                 CLB |
| FDCE          |  286 |            Register |
| SRL16E        |  266 |                 CLB |
| SRLC32E       |  176 |                 CLB |
| FDSE          |  115 |            Register |
| FDPE          |   86 |            Register |
| LUT1          |   62 |                 CLB |
| CARRY8        |   45 |                 CLB |
| RAMD32        |   36 |                 CLB |
| MUXF7         |    6 |                 CLB |
| SRLC16E       |    4 |                 CLB |
| RAMS32        |    4 |                 CLB |
| RAMB36E2      |    4 |            BLOCKRAM |
| OBUF          |    4 |                 I/O |
| IBUFCTRL      |    2 |              Others |
| BUFG_GT_SYNC  |    2 |               Clock |
| BUFG_GT       |    2 |               Clock |
| BUFGCE        |    2 |               Clock |
| MMCME4_ADV    |    1 |               Clock |
| INBUF         |    1 |                 I/O |
| IBUFDS_GTE4   |    1 |                 I/O |
| GTHE4_COMMON  |    1 |            Advanced |
| GTHE4_CHANNEL |    1 |            Advanced |
| DIFFINBUF     |    1 |                 I/O |
| BSCANE2       |    1 |       Configuration |
+---------------+------+---------------------+


10. Black Boxes
---------------

+----------+------+
| Ref Name | Used |
+----------+------+


11. Instantiated Netlists
-------------------------

+-----------------------+------+
|        Ref Name       | Used |
+-----------------------+------+
| u_ila_2               |    1 |
| u_ila_0               |    1 |
| gtwizard_ultrascale_0 |    1 |
| dbg_hub               |    1 |
| clk_wiz_2             |    1 |
+-----------------------+------+


