Copyright 1986-2022 Xilinx, Inc. All Rights Reserved. Copyright 2022-2024 Advanced Micro Devices, Inc. All Rights Reserved.
---------------------------------------------------------------------------------------------------------------------------------------------
| Tool Version : Vivado v.2024.2 (win64) Build 5239630 Fri Nov 08 22:35:27 MST 2024
| Date         : Fri Jan 23 22:19:02 2026
| Host         : FSO-A running 64-bit major release  (build 9200)
| Command      : report_utilization -file gth_loopback_top_nofec_utilization_placed.rpt -pb gth_loopback_top_nofec_utilization_placed.pb
| Design       : gth_loopback_top_nofec
| Device       : xczu15eg-ffvb1156-2-i
| Speed File   : -2
| Design State : Fully Placed
---------------------------------------------------------------------------------------------------------------------------------------------

Utilization Design Information

Table of Contents
-----------------
1. CLB Logic
1.1 Summary of Registers by Type
2. CLB Logic Distribution
3. BLOCKRAM
4. ARITHMETIC
5. I/O
6. CLOCK
7. ADVANCED
8. CONFIGURATION
9. Primitives
10. Black Boxes
11. Instantiated Netlists

1. CLB Logic
------------

+----------------------------+------+-------+------------+-----------+-------+
|          Site Type         | Used | Fixed | Prohibited | Available | Util% |
+----------------------------+------+-------+------------+-----------+-------+
| CLB LUTs                   | 1352 |     0 |          0 |    341280 |  0.40 |
|   LUT as Logic             | 1332 |     0 |          0 |    341280 |  0.39 |
|   LUT as Memory            |   20 |     0 |          0 |    184320 |  0.01 |
|     LUT as Distributed RAM |   20 |     0 |            |           |       |
|     LUT as Shift Register  |    0 |     0 |            |           |       |
| CLB Registers              | 2618 |     0 |          0 |    682560 |  0.38 |
|   Register as Flip Flop    | 2618 |     0 |          0 |    682560 |  0.38 |
|   Register as Latch        |    0 |     0 |          0 |    682560 |  0.00 |
| CARRY8                     |   63 |     0 |          0 |     42660 |  0.15 |
| F7 Muxes                   |   60 |     0 |          0 |    170640 |  0.04 |
| F8 Muxes                   |    9 |     0 |          0 |     85320 |  0.01 |
| F9 Muxes                   |    0 |     0 |          0 |     42660 |  0.00 |
+----------------------------+------+-------+------------+-----------+-------+
* Warning! LUT value is adjusted to account for LUT combining.


1.1 Summary of Registers by Type
--------------------------------

+-------+--------------+-------------+--------------+
| Total | Clock Enable | Synchronous | Asynchronous |
+-------+--------------+-------------+--------------+
| 0     |            _ |           - |            - |
| 0     |            _ |           - |          Set |
| 0     |            _ |           - |        Reset |
| 0     |            _ |         Set |            - |
| 0     |            _ |       Reset |            - |
| 0     |          Yes |           - |            - |
| 89    |          Yes |           - |          Set |
| 458   |          Yes |           - |        Reset |
| 186   |          Yes |         Set |            - |
| 1885  |          Yes |       Reset |            - |
+-------+--------------+-------------+--------------+


2. CLB Logic Distribution
-------------------------

+--------------------------------------------+------+-------+------------+-----------+-------+
|                  Site Type                 | Used | Fixed | Prohibited | Available | Util% |
+--------------------------------------------+------+-------+------------+-----------+-------+
| CLB                                        |  438 |     0 |          0 |     42660 |  1.03 |
|   CLBL                                     |  209 |     0 |            |           |       |
|   CLBM                                     |  229 |     0 |            |           |       |
| LUT as Logic                               | 1332 |     0 |          0 |    341280 |  0.39 |
|   using O5 output only                     |   57 |       |            |           |       |
|   using O6 output only                     |  966 |       |            |           |       |
|   using O5 and O6                          |  309 |       |            |           |       |
| LUT as Memory                              |   20 |     0 |          0 |    184320 |  0.01 |
|   LUT as Distributed RAM                   |   20 |     0 |            |           |       |
|     using O5 output only                   |    0 |       |            |           |       |
|     using O6 output only                   |    0 |       |            |           |       |
|     using O5 and O6                        |   20 |       |            |           |       |
|   LUT as Shift Register                    |    0 |     0 |            |           |       |
|     using O5 output only                   |    0 |       |            |           |       |
|     using O6 output only                   |    0 |       |            |           |       |
|     using O5 and O6                        |    0 |       |            |           |       |
| CLB Registers                              | 2618 |     0 |          0 |    682560 |  0.38 |
|   Register driven from within the CLB      | 1115 |       |            |           |       |
|   Register driven from outside the CLB     | 1503 |       |            |           |       |
|     LUT in front of the register is unused | 1283 |       |            |           |       |
|     LUT in front of the register is used   |  220 |       |            |           |       |
| Unique Control Sets                        |  141 |       |          0 |     85320 |  0.17 |
+--------------------------------------------+------+-------+------------+-----------+-------+
* * Note: Available Control Sets calculated as Slices * 2, Review the Control Sets Report for more information regarding control sets.


3. BLOCKRAM
-----------

+----------------+------+-------+------------+-----------+-------+
|    Site Type   | Used | Fixed | Prohibited | Available | Util% |
+----------------+------+-------+------------+-----------+-------+
| Block RAM Tile |    0 |     0 |          0 |       744 |  0.00 |
|   RAMB36/FIFO* |    0 |     0 |          0 |       744 |  0.00 |
|   RAMB18       |    0 |     0 |          0 |      1488 |  0.00 |
| URAM           |    0 |     0 |          0 |       112 |  0.00 |
+----------------+------+-------+------------+-----------+-------+
* Note: Each Block RAM Tile only has one FIFO logic available and therefore can accommodate only one FIFO36E2 or one FIFO18E2. However, if a FIFO18E2 occupies a Block RAM Tile, that tile can still accommodate a RAMB18E2


4. ARITHMETIC
-------------

+-----------+------+-------+------------+-----------+-------+
| Site Type | Used | Fixed | Prohibited | Available | Util% |
+-----------+------+-------+------------+-----------+-------+
| DSPs      |    0 |     0 |          0 |      3528 |  0.00 |
+-----------+------+-------+------------+-----------+-------+


5. I/O
------

+------------------+------+-------+------------+-----------+-------+
|     Site Type    | Used | Fixed | Prohibited | Available | Util% |
+------------------+------+-------+------------+-----------+-------+
| Bonded IOB       |    8 |     8 |          0 |       328 |  2.44 |
| HPIOB_M          |    1 |     1 |          0 |        96 |  1.04 |
|   INPUT          |    1 |       |            |           |       |
|   OUTPUT         |    0 |       |            |           |       |
|   BIDIR          |    0 |       |            |           |       |
| HPIOB_S          |    1 |     1 |          0 |        96 |  1.04 |
|   INPUT          |    1 |       |            |           |       |
|   OUTPUT         |    0 |       |            |           |       |
|   BIDIR          |    0 |       |            |           |       |
| HDIOB_M          |    3 |     3 |          0 |        60 |  5.00 |
|   INPUT          |    3 |       |            |           |       |
|   OUTPUT         |    0 |       |            |           |       |
|   BIDIR          |    0 |       |            |           |       |
| HDIOB_S          |    3 |     3 |          0 |        60 |  5.00 |
|   INPUT          |    0 |       |            |           |       |
|   OUTPUT         |    3 |       |            |           |       |
|   BIDIR          |    0 |       |            |           |       |
| HPIOB_SNGL       |    0 |     0 |          0 |        16 |  0.00 |
| HPIOBDIFFINBUF   |    1 |     1 |          0 |        96 |  1.04 |
|   DIFFINBUF      |    1 |     1 |            |           |       |
| HPIOBDIFFOUTBUF  |    0 |     0 |          0 |        96 |  0.00 |
| HDIOBDIFFINBUF   |    0 |     0 |          0 |        60 |  0.00 |
| BITSLICE_CONTROL |    0 |     0 |          0 |        32 |  0.00 |
| BITSLICE_RX_TX   |    0 |     0 |          0 |      1248 |  0.00 |
| BITSLICE_TX      |    0 |     0 |          0 |        32 |  0.00 |
| RIU_OR           |    0 |     0 |          0 |        16 |  0.00 |
+------------------+------+-------+------------+-----------+-------+


6. CLOCK
--------

+------------+------+-------+------------+-----------+-------+
|  Site Type | Used | Fixed | Prohibited | Available | Util% |
+------------+------+-------+------------+-----------+-------+
| BUFGCE     |    3 |     0 |          0 |       116 |  2.59 |
| BUFGCE_DIV |    0 |     0 |          0 |        16 |  0.00 |
| BUFG_GT    |    2 |     0 |          0 |       168 |  1.19 |
| BUFG_PS    |    0 |     0 |          0 |        72 |  0.00 |
| BUFGCTRL*  |    0 |     0 |          0 |        32 |  0.00 |
| PLL        |    0 |     0 |          0 |         8 |  0.00 |
| MMCM       |    1 |     0 |          0 |         4 | 25.00 |
+------------+------+-------+------------+-----------+-------+
* Note: Each used BUFGCTRL counts as two GLOBAL CLOCK BUFFERs. This table does not include global clocking resources, only buffer cell usage. See the Clock Utilization Report (report_clock_utilization) for detailed accounting of global clocking resource availability.


7. ADVANCED
-----------

+-----------------+------+-------+------------+-----------+-------+
|    Site Type    | Used | Fixed | Prohibited | Available | Util% |
+-----------------+------+-------+------------+-----------+-------+
| GTHE4_CHANNEL   |    1 |     1 |          0 |        24 |  4.17 |
| GTHE4_COMMON    |    1 |     0 |          0 |         6 | 16.67 |
| OBUFDS_GTE4     |    0 |     0 |          0 |        12 |  0.00 |
| OBUFDS_GTE4_ADV |    0 |     0 |          0 |        12 |  0.00 |
| PS8             |    0 |     0 |          0 |         1 |  0.00 |
| SYSMONE4        |    0 |     0 |          0 |         1 |  0.00 |
+-----------------+------+-------+------------+-----------+-------+


8. CONFIGURATION
----------------

+-------------+------+-------+------------+-----------+-------+
|  Site Type  | Used | Fixed | Prohibited | Available | Util% |
+-------------+------+-------+------------+-----------+-------+
| BSCANE2     |    1 |     0 |          0 |         4 | 25.00 |
| DNA_PORTE2  |    0 |     0 |          0 |         1 |  0.00 |
| EFUSE_USR   |    0 |     0 |          0 |         1 |  0.00 |
| FRAME_ECCE4 |    0 |     0 |          0 |         1 |  0.00 |
| ICAPE3      |    0 |     0 |          0 |         2 |  0.00 |
| MASTER_JTAG |    0 |     0 |          0 |         1 |  0.00 |
| STARTUPE3   |    0 |     0 |          0 |         1 |  0.00 |
+-------------+------+-------+------------+-----------+-------+


9. Primitives
-------------

+---------------+------+---------------------+
|    Ref Name   | Used | Functional Category |
+---------------+------+---------------------+
| FDRE          | 1885 |            Register |
| FDCE          |  458 |            Register |
| LUT6          |  405 |                 CLB |
| LUT3          |  357 |                 CLB |
| LUT4          |  324 |                 CLB |
| LUT2          |  310 |                 CLB |
| LUT5          |  210 |                 CLB |
| FDSE          |  186 |            Register |
| FDPE          |   89 |            Register |
| CARRY8        |   63 |                 CLB |
| MUXF7         |   60 |                 CLB |
| RAMD32        |   36 |                 CLB |
| LUT1          |   35 |                 CLB |
| MUXF8         |    9 |                 CLB |
| RAMS32        |    4 |                 CLB |
| IBUFCTRL      |    4 |              Others |
| OBUF          |    3 |                 I/O |
| INBUF         |    3 |                 I/O |
| BUFGCE        |    3 |               Clock |
| BUFG_GT_SYNC  |    2 |               Clock |
| BUFG_GT       |    2 |               Clock |
| MMCME4_ADV    |    1 |               Clock |
| IBUFDS_GTE4   |    1 |                 I/O |
| GTHE4_COMMON  |    1 |            Advanced |
| GTHE4_CHANNEL |    1 |            Advanced |
| DIFFINBUF     |    1 |                 I/O |
| BSCANE2       |    1 |       Configuration |
+---------------+------+---------------------+


10. Black Boxes
---------------

+----------+------+
| Ref Name | Used |
+----------+------+


11. Instantiated Netlists
-------------------------

+-----------------------+------+
|        Ref Name       | Used |
+-----------------------+------+
| gtwizard_ultrascale_0 |    1 |
| dbg_hub               |    1 |
| clk_wiz_sys           |    1 |
+-----------------------+------+


